<?xml version="1.0" encoding="UTF-8"?>
<!-- Generated by org.testng.reporters.JUnitXMLReporter -->
<testsuite hostname="wei-VirtualBox" ignored="0" name="Surefire test" tests="1" failures="0" timestamp="27 Mar 2019 03:05:06 GMT" time="0.644" errors="0">
  <testcase name="testNonNumericOrderId on testNonNumericOrderId(wei.web.resource.OrderResourceTest)" time="0.0" classname="wei.web.resource.OrderResourceTest">
    <skipped/>
  </testcase> <!-- testNonNumericOrderId on testNonNumericOrderId(wei.web.resource.OrderResourceTest) -->
</testsuite> <!-- Surefire test -->
